<?xml version="1.0" encoding="UTF-8"?>
<!-- Generated by org.testng.reporters.JUnitReportReporter -->
<testsuite hostname="DESKTOP-1KB0RC3" failures="0" tests="2" name="JenkinsPractice.BuildCreationTest" time="0.021" errors="0" timestamp="2022-12-05T16:45:02 IST" skipped="0">
  <testcase classname="JenkinsPractice.BuildCreationTest" name="smokeBuildTest" time="0.002"/>
  <system-out/>
  <testcase classname="JenkinsPractice.BuildCreationTest" name="regBuildTest" time="0.019"/>
  <system-out/>
</testsuite> <!-- JenkinsPractice.BuildCreationTest -->
